<?xml version="1.0" encoding="UTF-8"?>
<!-- Generated by org.testng.reporters.JUnitReportReporter -->
<testsuite hostname="PNVD176" failures="0" tests="3" name="Selenium_webdriver_java_testNG.Selenium_webdriver_java_testNG.Topic_01_Check_Environment" time="0.130" errors="0" timestamp="2022-01-04T17:39:55 ICT" skipped="0">
  <testcase classname="Selenium_webdriver_java_testNG.Selenium_webdriver_java_testNG.Topic_01_Check_Environment" name="TC_03_LoginFormDisplayed" time="0.082"/>
  <system-out/>
  <testcase classname="Selenium_webdriver_java_testNG.Selenium_webdriver_java_testNG.Topic_01_Check_Environment" name="TC_02_ValidatePageTitle" time="0.029"/>
  <system-out/>
  <testcase classname="Selenium_webdriver_java_testNG.Selenium_webdriver_java_testNG.Topic_01_Check_Environment" name="TC_01_ValidateCurrentUrl" time="0.019"/>
  <system-out/>
</testsuite> <!-- Selenium_webdriver_java_testNG.Selenium_webdriver_java_testNG.Topic_01_Check_Environment -->
