<?xml version="1.0" encoding="UTF-8"?>
<!-- Generated by org.testng.reporters.JUnitReportReporter -->
<testsuite hostname="PNVD176" failures="0" tests="6" name="Selenium_webdriver_java_testNG.Selenium_webdriver_java_testNG.Topic_02_Homework" time="16.229" errors="0" timestamp="2022-01-11T17:24:50 ICT" skipped="0">
  <testcase classname="Selenium_webdriver_java_testNG.Selenium_webdriver_java_testNG.Topic_02_Homework" name="TC_03_Register_Incorrect_Email" time="2.087"/>
  <system-out/>
  <testcase classname="Selenium_webdriver_java_testNG.Selenium_webdriver_java_testNG.Topic_02_Homework" name="TC_05_Register_Incorrect_Password" time="1.914"/>
  <system-out/>
  <testcase classname="Selenium_webdriver_java_testNG.Selenium_webdriver_java_testNG.Topic_02_Homework" name="TC_01_Register_Empty_Data" time="5.450"/>
  <system-out/>
  <testcase classname="Selenium_webdriver_java_testNG.Selenium_webdriver_java_testNG.Topic_02_Homework" name="TC_04_Register_Password_Less_Than_6_Chars" time="2.008"/>
  <system-out/>
  <testcase classname="Selenium_webdriver_java_testNG.Selenium_webdriver_java_testNG.Topic_02_Homework" name="TC_02_Register_Invalid_Email" time="2.482"/>
  <system-out/>
  <testcase classname="Selenium_webdriver_java_testNG.Selenium_webdriver_java_testNG.Topic_02_Homework" name="TC_06_Register_Invalid_Phone" time="2.288"/>
  <system-out/>
</testsuite> <!-- Selenium_webdriver_java_testNG.Selenium_webdriver_java_testNG.Topic_02_Homework -->
